0 info it worked if it ends with ok
1 verbose cli [ 'C:\\Program Files\\nodejs\\node.exe',
1 verbose cli   'C:\\Users\\stevenic\\AppData\\Roaming\\npm\\node_modules\\npm\\bin\\npm-cli.js',
1 verbose cli   'install',
1 verbose cli   '--save-dev',
1 verbose cli   '@types/azure-storage' ]
2 info using npm@3.4.0
3 info using node@v5.9.1
4 silly loadCurrentTree Starting
5 silly install loadCurrentTree
6 silly install readLocalPackageData
7 silly fetchPackageMetaData @types/azure-storage
8 silly fetchNamedPackageData @types/azure-storage
9 silly mapToRegistry name @types/azure-storage
10 silly mapToRegistry scope (from package name) @types
11 verbose mapToRegistry no registry URL found in name for scope @types
12 silly mapToRegistry using default registry
13 silly mapToRegistry registry https://registry.npmjs.org/
14 silly mapToRegistry uri https://registry.npmjs.org/@types%2fazure-storage
15 verbose request uri https://registry.npmjs.org/@types%2fazure-storage
16 verbose request no auth needed
17 info attempt registry request try #1 at 5:13:25 PM
18 verbose request using bearer token for auth
19 verbose request id 6c84c9fc85ac237d
20 http request GET https://registry.npmjs.org/@types%2fazure-storage
21 http 404 https://registry.npmjs.org/@types%2fazure-storage
22 verbose headers { 'content-type': 'application/json',
22 verbose headers   'cache-control': 'max-age=0',
22 verbose headers   'content-length': '2',
22 verbose headers   'accept-ranges': 'bytes',
22 verbose headers   date: 'Wed, 09 Nov 2016 01:13:26 GMT',
22 verbose headers   via: '1.1 varnish',
22 verbose headers   connection: 'keep-alive',
22 verbose headers   'x-served-by': 'cache-sea1926-SEA',
22 verbose headers   'x-cache': 'MISS',
22 verbose headers   'x-cache-hits': '0',
22 verbose headers   'x-timer': 'S1478654005.972360,VS0,VE83',
22 verbose headers   vary: 'Accept-Encoding' }
23 silly get cb [ 404,
23 silly get   { 'content-type': 'application/json',
23 silly get     'cache-control': 'max-age=0',
23 silly get     'content-length': '2',
23 silly get     'accept-ranges': 'bytes',
23 silly get     date: 'Wed, 09 Nov 2016 01:13:26 GMT',
23 silly get     via: '1.1 varnish',
23 silly get     connection: 'keep-alive',
23 silly get     'x-served-by': 'cache-sea1926-SEA',
23 silly get     'x-cache': 'MISS',
23 silly get     'x-cache-hits': '0',
23 silly get     'x-timer': 'S1478654005.972360,VS0,VE83',
23 silly get     vary: 'Accept-Encoding' } ]
24 silly fetchPackageMetaData Error: Registry returned 404 for GET on https://registry.npmjs.org/@types%2fazure-storage
24 silly fetchPackageMetaData     at makeError (C:\Users\stevenic\AppData\Roaming\npm\node_modules\npm\node_modules\npm-registry-client\lib\request.js:264:12)
24 silly fetchPackageMetaData     at CachingRegistryClient.<anonymous> (C:\Users\stevenic\AppData\Roaming\npm\node_modules\npm\node_modules\npm-registry-client\lib\request.js:242:14)
24 silly fetchPackageMetaData     at Request._callback (C:\Users\stevenic\AppData\Roaming\npm\node_modules\npm\node_modules\npm-registry-client\lib\request.js:172:14)
24 silly fetchPackageMetaData     at Request.self.callback (C:\Users\stevenic\AppData\Roaming\npm\node_modules\npm\node_modules\request\request.js:198:22)
24 silly fetchPackageMetaData     at emitTwo (events.js:100:13)
24 silly fetchPackageMetaData     at Request.emit (events.js:185:7)
24 silly fetchPackageMetaData     at Request.<anonymous> (C:\Users\stevenic\AppData\Roaming\npm\node_modules\npm\node_modules\request\request.js:1082:10)
24 silly fetchPackageMetaData     at emitOne (events.js:95:20)
24 silly fetchPackageMetaData     at Request.emit (events.js:182:7)
24 silly fetchPackageMetaData     at IncomingMessage.<anonymous> (C:\Users\stevenic\AppData\Roaming\npm\node_modules\npm\node_modules\request\request.js:1009:12)
24 silly fetchPackageMetaData  error for @types/azure-storage { [Error: Registry returned 404 for GET on https://registry.npmjs.org/@types%2fazure-storage] pkgid: '@types/azure-storage', statusCode: 404, code: 'E404' }
25 silly rollbackFailedOptional Starting
26 silly rollbackFailedOptional Finishing
27 silly runTopLevelLifecycles Starting
28 silly runTopLevelLifecycles Finishing
29 silly install printInstalled
30 verbose stack Error: Registry returned 404 for GET on https://registry.npmjs.org/@types%2fazure-storage
30 verbose stack     at makeError (C:\Users\stevenic\AppData\Roaming\npm\node_modules\npm\node_modules\npm-registry-client\lib\request.js:264:12)
30 verbose stack     at CachingRegistryClient.<anonymous> (C:\Users\stevenic\AppData\Roaming\npm\node_modules\npm\node_modules\npm-registry-client\lib\request.js:242:14)
30 verbose stack     at Request._callback (C:\Users\stevenic\AppData\Roaming\npm\node_modules\npm\node_modules\npm-registry-client\lib\request.js:172:14)
30 verbose stack     at Request.self.callback (C:\Users\stevenic\AppData\Roaming\npm\node_modules\npm\node_modules\request\request.js:198:22)
30 verbose stack     at emitTwo (events.js:100:13)
30 verbose stack     at Request.emit (events.js:185:7)
30 verbose stack     at Request.<anonymous> (C:\Users\stevenic\AppData\Roaming\npm\node_modules\npm\node_modules\request\request.js:1082:10)
30 verbose stack     at emitOne (events.js:95:20)
30 verbose stack     at Request.emit (events.js:182:7)
30 verbose stack     at IncomingMessage.<anonymous> (C:\Users\stevenic\AppData\Roaming\npm\node_modules\npm\node_modules\request\request.js:1009:12)
31 verbose statusCode 404
32 verbose pkgid @types/azure-storage
33 verbose cwd C:\Source\BotBuilder-Azure\Node
34 error Windows_NT 10.0.10586
35 error argv "C:\\Program Files\\nodejs\\node.exe" "C:\\Users\\stevenic\\AppData\\Roaming\\npm\\node_modules\\npm\\bin\\npm-cli.js" "install" "--save-dev" "@types/azure-storage"
36 error node v5.9.1
37 error npm  v3.4.0
38 error code E404
39 error 404 Registry returned 404 for GET on https://registry.npmjs.org/@types%2fazure-storage
39 error 404
39 error 404 '@types/azure-storage' is not in the npm registry.
39 error 404 You should bug the author to publish it (or use the name yourself!)
39 error 404
39 error 404 Note that you can also install from a
39 error 404 tarball, folder, http url, or git url.
40 verbose exit [ 1, true ]
